2024-08-20 13:10:00.924 [info] Extension host with pid 17741 started
2024-08-20 13:10:00.924 [info] Skipping acquiring lock for /home/rafiahfa/Desktop/praktikum-laravel/~/.vscode/User/workspaceStorage/1b64ac7573a8bb301790b74981eb4590.
2024-08-20 13:10:01.025 [info] ExtensionService#_doActivateExtension vscode.emmet, startup: false, activationEvent: 'onLanguage'
2024-08-20 13:10:01.028 [info] ExtensionService#_doActivateExtension vscode.php-language-features, startup: false, activationEvent: 'onLanguage:php'
2024-08-20 13:10:01.030 [info] ExtensionService#_doActivateExtension amiralizadeh9480.laravel-extra-intellisense, startup: false, activationEvent: 'onLanguage:php'
2024-08-20 13:10:01.098 [info] ExtensionService#_doActivateExtension vscode.git-base, startup: true, activationEvent: '*', root cause: vscode.git
2024-08-20 13:10:01.099 [info] ExtensionService#_doActivateExtension vscode.npm, startup: true, activationEvent: 'workspaceContains:package.json'
2024-08-20 13:10:01.127 [info] ExtensionService#_doActivateExtension vscode.git, startup: true, activationEvent: '*'
2024-08-20 13:10:01.143 [info] ExtensionService#_doActivateExtension vscode.github, startup: true, activationEvent: '*'
2024-08-20 13:10:01.251 [info] Eager extensions activated
2024-08-20 13:10:01.284 [info] ExtensionService#_doActivateExtension vscode.debug-auto-launch, startup: false, activationEvent: 'onStartupFinished'
2024-08-20 13:10:01.285 [info] ExtensionService#_doActivateExtension vscode.merge-conflict, startup: false, activationEvent: 'onStartupFinished'
2024-08-20 13:10:01.288 [info] ExtensionService#_doActivateExtension PKief.material-icon-theme, startup: false, activationEvent: 'onStartupFinished'
2024-08-20 13:10:02.274 [error] Error: ENOENT: no such file or directory, scandir '/home/rafiahfa/Desktop/praktikum-laravel/lang'
	at Object.readdirSync (node:fs:1509:26)
	at t.readdirSync (node:electron/js2c/node_init:2:11418)
	at /root/.vscode/extensions/amiralizadeh9480.laravel-extra-intellisense-0.6.6/dist/extension.js:1:141360
2024-08-20 13:10:40.160 [info] ExtensionService#_doActivateExtension onecentlin.laravel-blade, startup: false, activationEvent: 'onLanguage:blade'
2024-08-20 13:12:55.920 [error] 
   ParseError 

  syntax error, unexpected end of file

  at routes/web.php:23
     19â–• 
     20â–• Route::get('/kasir/login/',[App\Http\Controllers\authController::class, 'loginView'])->name('loginView');
     21â–• Route::post('/kasir/doLogin/',[App\Http\Controllers\authController::class, 'doLogin'])->name('doLogin');
     22â–• Route::get('/kasir/home/', [App\Http])
  âžœ  23â–•

      [2m+3 vendor frames [22m

  4   app/Providers/RouteServiceProvider.php:37
      Illuminate\Routing\RouteRegistrar::group()
      [2m+15 vendor frames [22m

  20  [internal]:0
      Illuminate\Foundation\Application::Illuminate\Foundation\{closure}()


2024-08-20 13:13:01.454 [error] 
   ParseError 

  syntax error, unexpected token "\", expecting "]"

  at routes/web.php:22
     18â–• });
     19â–• 
     20â–• Route::get('/kasir/login/',[App\Http\Controllers\authController::class, 'loginView'])->name('loginView');
     21â–• Route::post('/kasir/doLogin/',[App\Http\Controllers\authController::class, 'doLogin'])->name('doLogin');
  âžœ  22â–• Route::get('/kasir/home/', [App\Http\Controllers\])
     23â–•

      [2m+3 vendor frames [22m

  4   app/Providers/RouteServiceProvider.php:37
      Illuminate\Routing\RouteRegistrar::group()
      [2m+15 vendor frames [22m

  20  [internal]:0
      Illuminate\Foundation\Application::Illuminate\Foundation\{closure}()


2024-08-20 13:13:02.159 [error] 
   ParseError 

  syntax error, unexpected end of file

  at routes/web.php:23
     19â–• 
     20â–• Route::get('/kasir/login/',[App\Http\Controllers\authController::class, 'loginView'])->name('loginView');
     21â–• Route::post('/kasir/doLogin/',[App\Http\Controllers\authController::class, 'doLogin'])->name('doLogin');
     22â–• Route::get('/kasir/home/', [App\Http\Controllers\layananController])
  âžœ  23â–•

      [2m+3 vendor frames [22m

  4   app/Providers/RouteServiceProvider.php:37
      Illuminate\Routing\RouteRegistrar::group()
      [2m+15 vendor frames [22m

  20  [internal]:0
      Illuminate\Foundation\Application::Illuminate\Foundation\{closure}()


2024-08-20 13:13:02.505 [error] [amiralizadeh9480.laravel-extra-intellisense] provider FAILED
2024-08-20 13:13:02.509 [error] SyntaxError: Invalid regular expression: /use (.+)[App\Http\Controllers\layananController;/g: Unterminated character class
	at new RegExp (<anonymous>)
	at k.getModelClass (/root/.vscode/extensions/amiralizadeh9480.laravel-extra-intellisense-0.6.6/dist/extension.js:1:155657)
	at k.provideCompletionItems (/root/.vscode/extensions/amiralizadeh9480.laravel-extra-intellisense-0.6.6/dist/extension.js:1:154071)
	at ye.provideCompletionItems (/usr/share/code/resources/app/out/vs/workbench/api/node/extensionHostProcess.js:154:115716)
	at /usr/share/code/resources/app/out/vs/workbench/api/node/extensionHostProcess.js:154:141995
	at De.s (/usr/share/code/resources/app/out/vs/workbench/api/node/extensionHostProcess.js:154:133052)
	at De.$provideCompletionItems (/usr/share/code/resources/app/out/vs/workbench/api/node/extensionHostProcess.js:154:141981)
	at E.S (/usr/share/code/resources/app/out/vs/workbench/api/node/extensionHostProcess.js:151:5980)
	at E.Q (/usr/share/code/resources/app/out/vs/workbench/api/node/extensionHostProcess.js:151:5746)
	at E.M (/usr/share/code/resources/app/out/vs/workbench/api/node/extensionHostProcess.js:151:4739)
	at E.L (/usr/share/code/resources/app/out/vs/workbench/api/node/extensionHostProcess.js:151:3605)
	at i.value (/usr/share/code/resources/app/out/vs/workbench/api/node/extensionHostProcess.js:151:2297)
	at n.B (/usr/share/code/resources/app/out/vs/workbench/api/node/extensionHostProcess.js:83:737)
	at n.fire (/usr/share/code/resources/app/out/vs/workbench/api/node/extensionHostProcess.js:83:954)
	at s.fire (/usr/share/code/resources/app/out/vs/workbench/api/node/extensionHostProcess.js:97:14453)
	at i.value (/usr/share/code/resources/app/out/vs/workbench/api/node/extensionHostProcess.js:177:8655)
	at n.B (/usr/share/code/resources/app/out/vs/workbench/api/node/extensionHostProcess.js:83:737)
	at n.fire (/usr/share/code/resources/app/out/vs/workbench/api/node/extensionHostProcess.js:83:954)
	at s.fire (/usr/share/code/resources/app/out/vs/workbench/api/node/extensionHostProcess.js:97:14453)
	at MessagePortMain.<anonymous> (/usr/share/code/resources/app/out/vs/workbench/api/node/extensionHostProcess.js:177:6781)
	at MessagePortMain.emit (node:events:519:28)
	at MessagePortMain._internalPort.emit (node:electron/js2c/utility_init:2:2285)
2024-08-20 13:13:04.498 [error] [amiralizadeh9480.laravel-extra-intellisense] provider FAILED
2024-08-20 13:13:04.499 [error] SyntaxError: Invalid regular expression: /use (.+)[App\Http\Controllers\layananController;/g: Unterminated character class
	at new RegExp (<anonymous>)
	at k.getModelClass (/root/.vscode/extensions/amiralizadeh9480.laravel-extra-intellisense-0.6.6/dist/extension.js:1:155657)
	at k.provideCompletionItems (/root/.vscode/extensions/amiralizadeh9480.laravel-extra-intellisense-0.6.6/dist/extension.js:1:154071)
	at ye.provideCompletionItems (/usr/share/code/resources/app/out/vs/workbench/api/node/extensionHostProcess.js:154:115716)
	at /usr/share/code/resources/app/out/vs/workbench/api/node/extensionHostProcess.js:154:141995
	at De.s (/usr/share/code/resources/app/out/vs/workbench/api/node/extensionHostProcess.js:154:133052)
	at De.$provideCompletionItems (/usr/share/code/resources/app/out/vs/workbench/api/node/extensionHostProcess.js:154:141981)
	at E.S (/usr/share/code/resources/app/out/vs/workbench/api/node/extensionHostProcess.js:151:5980)
	at E.Q (/usr/share/code/resources/app/out/vs/workbench/api/node/extensionHostProcess.js:151:5746)
	at E.M (/usr/share/code/resources/app/out/vs/workbench/api/node/extensionHostProcess.js:151:4739)
	at E.L (/usr/share/code/resources/app/out/vs/workbench/api/node/extensionHostProcess.js:151:3605)
	at i.value (/usr/share/code/resources/app/out/vs/workbench/api/node/extensionHostProcess.js:151:2297)
	at n.B (/usr/share/code/resources/app/out/vs/workbench/api/node/extensionHostProcess.js:83:737)
	at n.fire (/usr/share/code/resources/app/out/vs/workbench/api/node/extensionHostProcess.js:83:954)
	at s.fire (/usr/share/code/resources/app/out/vs/workbench/api/node/extensionHostProcess.js:97:14453)
	at i.value (/usr/share/code/resources/app/out/vs/workbench/api/node/extensionHostProcess.js:177:8655)
	at n.B (/usr/share/code/resources/app/out/vs/workbench/api/node/extensionHostProcess.js:83:737)
	at n.fire (/usr/share/code/resources/app/out/vs/workbench/api/node/extensionHostProcess.js:83:954)
	at s.fire (/usr/share/code/resources/app/out/vs/workbench/api/node/extensionHostProcess.js:97:14453)
	at MessagePortMain.<anonymous> (/usr/share/code/resources/app/out/vs/workbench/api/node/extensionHostProcess.js:177:6781)
	at MessagePortMain.emit (node:events:519:28)
	at MessagePortMain._internalPort.emit (node:electron/js2c/utility_init:2:2285)
2024-08-20 13:13:06.893 [error] 
   ParseError 

  syntax error, unexpected end of file

  at routes/web.php:23
     19â–• 
     20â–• Route::get('/kasir/login/',[App\Http\Controllers\authController::class, 'loginView'])->name('loginView');
     21â–• Route::post('/kasir/doLogin/',[App\Http\Controllers\authController::class, 'doLogin'])->name('doLogin');
     22â–• Route::get('/kasir/home/', [App\Http\Controllers\layananController])
  âžœ  23â–•

      [2m+3 vendor frames [22m

  4   app/Providers/RouteServiceProvider.php:37
      Illuminate\Routing\RouteRegistrar::group()
      [2m+15 vendor frames [22m

  20  [internal]:0
      Illuminate\Foundation\Application::Illuminate\Foundation\{closure}()


2024-08-20 13:13:13.354 [error] 
   ParseError 

  syntax error, unexpected end of file

  at routes/web.php:23
     19â–• 
     20â–• Route::get('/kasir/login/',[App\Http\Controllers\authController::class, 'loginView'])->name('loginView');
     21â–• Route::post('/kasir/doLogin/',[App\Http\Controllers\authController::class, 'doLogin'])->name('doLogin');
     22â–• Route::get('/kasir/home/', [App\Http\Controllers\layananController::class, 'home'])
  âžœ  23â–•

      [2m+3 vendor frames [22m

  4   app/Providers/RouteServiceProvider.php:37
      Illuminate\Routing\RouteRegistrar::group()
      [2m+15 vendor frames [22m

  20  [internal]:0
      Illuminate\Foundation\Application::Illuminate\Foundation\{closure}()


2024-08-20 13:13:21.219 [error] [amiralizadeh9480.laravel-extra-intellisense] provider FAILED
2024-08-20 13:13:21.219 [error] SyntaxError: Invalid regular expression: /use (.+)[App\Http\Controllers\layananController;/g: Unterminated character class
	at new RegExp (<anonymous>)
	at k.getModelClass (/root/.vscode/extensions/amiralizadeh9480.laravel-extra-intellisense-0.6.6/dist/extension.js:1:155657)
	at k.provideCompletionItems (/root/.vscode/extensions/amiralizadeh9480.laravel-extra-intellisense-0.6.6/dist/extension.js:1:154071)
	at ye.provideCompletionItems (/usr/share/code/resources/app/out/vs/workbench/api/node/extensionHostProcess.js:154:115716)
	at /usr/share/code/resources/app/out/vs/workbench/api/node/extensionHostProcess.js:154:141995
	at De.s (/usr/share/code/resources/app/out/vs/workbench/api/node/extensionHostProcess.js:154:133052)
	at De.$provideCompletionItems (/usr/share/code/resources/app/out/vs/workbench/api/node/extensionHostProcess.js:154:141981)
	at E.S (/usr/share/code/resources/app/out/vs/workbench/api/node/extensionHostProcess.js:151:5980)
	at E.Q (/usr/share/code/resources/app/out/vs/workbench/api/node/extensionHostProcess.js:151:5746)
	at E.M (/usr/share/code/resources/app/out/vs/workbench/api/node/extensionHostProcess.js:151:4739)
	at E.L (/usr/share/code/resources/app/out/vs/workbench/api/node/extensionHostProcess.js:151:3605)
	at i.value (/usr/share/code/resources/app/out/vs/workbench/api/node/extensionHostProcess.js:151:2297)
	at n.B (/usr/share/code/resources/app/out/vs/workbench/api/node/extensionHostProcess.js:83:737)
	at n.fire (/usr/share/code/resources/app/out/vs/workbench/api/node/extensionHostProcess.js:83:954)
	at s.fire (/usr/share/code/resources/app/out/vs/workbench/api/node/extensionHostProcess.js:97:14453)
	at i.value (/usr/share/code/resources/app/out/vs/workbench/api/node/extensionHostProcess.js:177:8655)
	at n.B (/usr/share/code/resources/app/out/vs/workbench/api/node/extensionHostProcess.js:83:737)
	at n.fire (/usr/share/code/resources/app/out/vs/workbench/api/node/extensionHostProcess.js:83:954)
	at s.fire (/usr/share/code/resources/app/out/vs/workbench/api/node/extensionHostProcess.js:97:14453)
	at MessagePortMain.<anonymous> (/usr/share/code/resources/app/out/vs/workbench/api/node/extensionHostProcess.js:177:6781)
	at MessagePortMain.emit (node:events:519:28)
	at MessagePortMain._internalPort.emit (node:electron/js2c/utility_init:2:2285)
2024-08-20 13:14:21.030 [info] ExtensionService#_doActivateExtension vscode.css-language-features, startup: false, activationEvent: 'onLanguage:css'
2024-08-20 13:14:34.188 [info] ExtensionService#_doActivateExtension vscode.typescript-language-features, startup: false, activationEvent: 'onLanguage:javascript'
2024-08-20 13:14:56.112 [info] ExtensionService#_doActivateExtension vscode.html-language-features, startup: false, activationEvent: 'onLanguage:html'
2024-08-20 13:36:33.223 [warning] [Decorations] CAPPING events from decorations provider vscode.git 741
2024-08-20 13:36:33.244 [warning] [Decorations] CAPPING events from decorations provider vscode.git 741
2024-08-20 13:36:34.234 [error] Error: No such branch: master.
	at N.getBranch (/usr/share/code/resources/app/extensions/git/dist/main.js:2:936645)
	at async T.retryRun (/usr/share/code/resources/app/extensions/git/dist/main.js:2:1032124)
	at async T.run (/usr/share/code/resources/app/extensions/git/dist/main.js:2:1031728)
	at async T.getBranch (/usr/share/code/resources/app/extensions/git/dist/main.js:2:1020077)
	at async T.getBranchBase (/usr/share/code/resources/app/extensions/git/dist/main.js:2:1020363)
	at async t.GitHistoryProvider.resolveHEADMergeBase (/usr/share/code/resources/app/extensions/git/dist/main.js:2:948043)
	at async t.GitHistoryProvider.onDidRunGitStatus (/usr/share/code/resources/app/extensions/git/dist/main.js:2:941421)
2024-08-20 13:36:34.247 [error] Error: No such branch: master.
	at N.getBranch (/usr/share/code/resources/app/extensions/git/dist/main.js:2:936645)
	at async T.retryRun (/usr/share/code/resources/app/extensions/git/dist/main.js:2:1032124)
	at async T.run (/usr/share/code/resources/app/extensions/git/dist/main.js:2:1031728)
	at async T.getBranch (/usr/share/code/resources/app/extensions/git/dist/main.js:2:1020077)
	at async T.getBranchBase (/usr/share/code/resources/app/extensions/git/dist/main.js:2:1020363)
	at async t.GitHistoryProvider.resolveHEADMergeBase (/usr/share/code/resources/app/extensions/git/dist/main.js:2:948043)
	at async t.GitHistoryProvider.onDidRunGitStatus (/usr/share/code/resources/app/extensions/git/dist/main.js:2:941421)
2024-08-20 14:34:32.048 [warning] [Decorations] CAPPING events from decorations provider vscode.git 741
